Run started on:
	Date: 2021/5/15
	Time: 21:47:4
	PyGBe version: 0.3.2+28.ga5da1eb.dirty
Config file: /home/sergiourzua/Amylase_and_Trypsin/convergencia_trypsin_ph8/sensor_isolated/sensor_100x100x10.config
Parameter file: /home/sergiourzua/Amylase_and_Trypsin/convergencia_trypsin_ph8/sensor_isolated/sensor_100x100x10.param
Geometry folder: /home/sergiourzua/Amylase_and_Trypsin/convergencia_trypsin_ph8/sensor_isolated/geometry
Running in: /home/sergiourzua/Amylase_and_Trypsin/convergencia_trypsin_ph8/sensor_isolated

Reading surface 0 from file geometry/sensor_100x100x10_d02
Time load mesh: 0.41236186027526855
Removed areas=0: 0

Total elements : 48000
Total equations: 48000
Electric field: 1e-12 e/(Ang^2 eps_0)
----------------------------

1 surfaces:

Surface 0:
	48000 elements
	Surface type         : neumann_surface
	Cells                : 401
	Twigs                : 288
	Levels               : 5
	C0 size              : 70.62970731608304
	C0 box center        : 9.094947017729283e-16, -7.579122514774402e-17, -5.0
	Twig cell size       : 4.41435670725519
	Rbox/theta           : 8.82871341451038
	Analytic distance    : 2.0
	Elem. per Ang^2      : 2.0
	Max, min, avg elem.  : 0.5, 0.5, 0.5
	Total area           : 24000.0
------------------------------

2 regions:

Region 0:
	Laplace or Yukawa: 2
	kappa            : 0.125
	dielectric const : 80.0
	Number of charges: 0
	Parent surface   : []
	Child surfaces   : [0]
Region 1:
	Laplace or Yukawa: 0
	kappa            : 0.0
	dielectric const : 0.0
	Number of charges: 0
	Parent surface   : [0]
	Child surfaces   : []
------------------------------

Parameters:
	Data type               : <class 'numpy.float64'>
	Use GPU                 : 1
	P                       : 6
	threshold               : 0.50
	theta                   : 0.50
	NCRIT                   : 500
	CUDA block size         : 128
	Gauss points per element: 4
	Gauss points near singlr: 19
	1D Gauss points per side: 9
	GMRES tolerance         : 1e-05
	GMRES max iterations    : 1000
	GMRES restart iteration : 200
----------------------------

Generate interaction list
Transfer data to GPU
Generate RHS
List time          : 0.14560151100158691s
Data transfer time : 0.04032135009765625s
RHS generation time: 0.7880544662475586s
------------------------------
Total setup time   : 6.00907301902771s
Solve
Iteration: 1, relative residual: 0.08761114840280466
Iteration: 2, relative residual: 0.006737791797424497
Iteration: 3, relative residual: 0.001843653187977468
Iteration: 4, relative residual: 0.00038437205539230377
Iteration: 5, relative residual: 7.089422083418548e-05
Iteration: 6, relative residual: 1.281772534932908e-05
GMRES solve
Converged after 7 iterations to a residual of 2.682483084671454e-06
Time weight vector: 0.9451343345642089
Time sort         : 0.0425236802995205
Time data transfer: 0.17207084792852403
Time P2M          : 1.4469249725341797
Time M2M          : 0.044028191566467284
Time M2P          : 1.3226016845703126
Time P2P          : 4.3634087829589845
	Time analy: 0.0
Solve time        : 7.654440879821777s

Calculate Solvation Energy (E_solv)
Time E_solv: 0.017130374908447266s

Calculate Surface Energy (E_surf)
Calculating surface energy around region 1, stored in E_surf[0]
Region 1: E_surf = 45.33814287273341 kcal/mol = 189.69478977951658 kJ/mol
Time E_surf: 0.01678943634033203s

Calculate Coulomb Energy (E_coul)
Time E_coul: 9.5367431640625e-07s

------------------------------
Totals:
E_solv = 0 kcal/mol
E_surf = 45.33814287273341 kcal/mol
E_coul = 0 kcal/mol

Time = 13.860317468643188 s
